<?xml version="1.0" encoding="UTF-8"?>
<testsuite name="ru.netology.CardOrderTest" tests="1" skipped="0" failures="0" errors="0" timestamp="2025-11-15T20:34:55.567Z" hostname="WIN-IHE3OBVD6V1" time="7.063">
  <properties/>
  <testcase name="shouldSubmitValidForm()" classname="ru.netology.CardOrderTest" time="7.063"/>
  <system-out><![CDATA[]]></system-out>
  <system-err><![CDATA[SLF4J(W): No SLF4J providers were found.
SLF4J(W): Defaulting to no-operation (NOP) logger implementation
SLF4J(W): See https://www.slf4j.org/codes.html#noProviders for further details.
нояб. 16, 2025 1:34:57 AM org.openqa.selenium.devtools.CdpVersionFinder findNearestMatch
WARNING: Unable to find CDP implementation matching 142
нояб. 16, 2025 1:34:57 AM org.openqa.selenium.chromium.ChromiumDriver lambda$new$4
WARNING: Unable to find version of CDP to use for 142.0.7444.136. You may need to include a dependency on a specific version of the CDP using something similar to `org.seleniumhq.selenium:selenium-devtools-v86:4.29.0` where the version ("v86") matches the version of the chromium-based browser you're using and the version number of the artifact is the same as Selenium's.
]]></system-err>
</testsuite>
